CRITICAL - 2022-02-17 21:38:21 --> Class "App\Controlles\controller" not found
#0 C:\xampp\htdocs\app_caffe_dewi\system\Autoloader\Autoloader.php(264): include_once()
#1 C:\xampp\htdocs\app_caffe_dewi\system\Autoloader\Autoloader.php(241): CodeIgniter\Autoloader\Autoloader->includeFile('C:\\xampp\\htdocs...')
#2 C:\xampp\htdocs\app_caffe_dewi\system\Autoloader\Autoloader.php(219): CodeIgniter\Autoloader\Autoloader->loadInNamespace('App\\Controllers...')
#3 [internal function]: CodeIgniter\Autoloader\Autoloader->loadClass('App\\Controllers...')
#4 C:\xampp\htdocs\app_caffe_dewi\system\CodeIgniter.php(790): class_exists('\\App\\Controller...', true)
#5 C:\xampp\htdocs\app_caffe_dewi\system\CodeIgniter.php(399): CodeIgniter\CodeIgniter->startController()
#6 C:\xampp\htdocs\app_caffe_dewi\system\CodeIgniter.php(320): CodeIgniter\CodeIgniter->handleRequest(NULL, Object(Config\Cache), false)
#7 C:\xampp\htdocs\app_caffe_dewi\public\index.php(37): CodeIgniter\CodeIgniter->run()
#8 C:\xampp\htdocs\app_caffe_dewi\system\Commands\Server\rewrite.php(43): require_once('C:\\xampp\\htdocs...')
#9 {main}
CRITICAL - 2022-02-17 21:40:39 --> Class "App\Controlles\controller" not found
#0 C:\xampp\htdocs\app_caffe_dewi\system\Autoloader\Autoloader.php(264): include_once()
#1 C:\xampp\htdocs\app_caffe_dewi\system\Autoloader\Autoloader.php(241): CodeIgniter\Autoloader\Autoloader->includeFile('C:\\xampp\\htdocs...')
#2 C:\xampp\htdocs\app_caffe_dewi\system\Autoloader\Autoloader.php(219): CodeIgniter\Autoloader\Autoloader->loadInNamespace('App\\Controllers...')
#3 [internal function]: CodeIgniter\Autoloader\Autoloader->loadClass('App\\Controllers...')
#4 C:\xampp\htdocs\app_caffe_dewi\system\CodeIgniter.php(790): class_exists('\\App\\Controller...', true)
#5 C:\xampp\htdocs\app_caffe_dewi\system\CodeIgniter.php(399): CodeIgniter\CodeIgniter->startController()
#6 C:\xampp\htdocs\app_caffe_dewi\system\CodeIgniter.php(320): CodeIgniter\CodeIgniter->handleRequest(NULL, Object(Config\Cache), false)
#7 C:\xampp\htdocs\app_caffe_dewi\public\index.php(37): CodeIgniter\CodeIgniter->run()
#8 C:\xampp\htdocs\app_caffe_dewi\system\Commands\Server\rewrite.php(43): require_once('C:\\xampp\\htdocs...')
#9 {main}
CRITICAL - 2022-02-17 21:41:29 --> Class "App\Controller\controller" not found
#0 C:\xampp\htdocs\app_caffe_dewi\system\Autoloader\Autoloader.php(264): include_once()
#1 C:\xampp\htdocs\app_caffe_dewi\system\Autoloader\Autoloader.php(241): CodeIgniter\Autoloader\Autoloader->includeFile('C:\\xampp\\htdocs...')
#2 C:\xampp\htdocs\app_caffe_dewi\system\Autoloader\Autoloader.php(219): CodeIgniter\Autoloader\Autoloader->loadInNamespace('App\\Controllers...')
#3 [internal function]: CodeIgniter\Autoloader\Autoloader->loadClass('App\\Controllers...')
#4 C:\xampp\htdocs\app_caffe_dewi\system\CodeIgniter.php(790): class_exists('\\App\\Controller...', true)
#5 C:\xampp\htdocs\app_caffe_dewi\system\CodeIgniter.php(399): CodeIgniter\CodeIgniter->startController()
#6 C:\xampp\htdocs\app_caffe_dewi\system\CodeIgniter.php(320): CodeIgniter\CodeIgniter->handleRequest(NULL, Object(Config\Cache), false)
#7 C:\xampp\htdocs\app_caffe_dewi\public\index.php(37): CodeIgniter\CodeIgniter->run()
#8 C:\xampp\htdocs\app_caffe_dewi\system\Commands\Server\rewrite.php(43): require_once('C:\\xampp\\htdocs...')
#9 {main}
CRITICAL - 2022-02-17 21:41:58 --> Class "App\controller\controller" not found
#0 C:\xampp\htdocs\app_caffe_dewi\system\Autoloader\Autoloader.php(264): include_once()
#1 C:\xampp\htdocs\app_caffe_dewi\system\Autoloader\Autoloader.php(241): CodeIgniter\Autoloader\Autoloader->includeFile('C:\\xampp\\htdocs...')
#2 C:\xampp\htdocs\app_caffe_dewi\system\Autoloader\Autoloader.php(219): CodeIgniter\Autoloader\Autoloader->loadInNamespace('App\\Controllers...')
#3 [internal function]: CodeIgniter\Autoloader\Autoloader->loadClass('App\\Controllers...')
#4 C:\xampp\htdocs\app_caffe_dewi\system\CodeIgniter.php(790): class_exists('\\App\\Controller...', true)
#5 C:\xampp\htdocs\app_caffe_dewi\system\CodeIgniter.php(399): CodeIgniter\CodeIgniter->startController()
#6 C:\xampp\htdocs\app_caffe_dewi\system\CodeIgniter.php(320): CodeIgniter\CodeIgniter->handleRequest(NULL, Object(Config\Cache), false)
#7 C:\xampp\htdocs\app_caffe_dewi\public\index.php(37): CodeIgniter\CodeIgniter->run()
#8 C:\xampp\htdocs\app_caffe_dewi\system\Commands\Server\rewrite.php(43): require_once('C:\\xampp\\htdocs...')
#9 {main}
CRITICAL - 2022-02-17 22:15:55 --> Class "App\controllers\usersmodel" not found
#0 C:\xampp\htdocs\app_caffe_dewi\system\CodeIgniter.php(802): App\controllers\usercontroller->__construct()
#1 C:\xampp\htdocs\app_caffe_dewi\system\CodeIgniter.php(403): CodeIgniter\CodeIgniter->createController()
#2 C:\xampp\htdocs\app_caffe_dewi\system\CodeIgniter.php(320): CodeIgniter\CodeIgniter->handleRequest(NULL, Object(Config\Cache), false)
#3 C:\xampp\htdocs\app_caffe_dewi\public\index.php(37): CodeIgniter\CodeIgniter->run()
#4 C:\xampp\htdocs\app_caffe_dewi\system\Commands\Server\rewrite.php(43): require_once('C:\\xampp\\htdocs...')
#5 {main}
CRITICAL - 2022-02-17 22:17:02 --> Class "App\controllers\usersmodel" not found
#0 C:\xampp\htdocs\app_caffe_dewi\system\CodeIgniter.php(802): App\controllers\usercontroller->__construct()
#1 C:\xampp\htdocs\app_caffe_dewi\system\CodeIgniter.php(403): CodeIgniter\CodeIgniter->createController()
#2 C:\xampp\htdocs\app_caffe_dewi\system\CodeIgniter.php(320): CodeIgniter\CodeIgniter->handleRequest(NULL, Object(Config\Cache), false)
#3 C:\xampp\htdocs\app_caffe_dewi\public\index.php(37): CodeIgniter\CodeIgniter->run()
#4 C:\xampp\htdocs\app_caffe_dewi\system\Commands\Server\rewrite.php(43): require_once('C:\\xampp\\htdocs...')
#5 {main}
CRITICAL - 2022-02-17 22:18:11 --> Undefined property: App\controllers\usercontroller::$users
#0 C:\xampp\htdocs\app_caffe_dewi\app\Controllers\usercontroller.php(27): CodeIgniter\Debug\Exceptions->errorHandler(2, 'Undefined prope...', 'C:\\xampp\\htdocs...', 27)
#1 C:\xampp\htdocs\app_caffe_dewi\system\CodeIgniter.php(825): App\controllers\usercontroller->tampil()
#2 C:\xampp\htdocs\app_caffe_dewi\system\CodeIgniter.php(412): CodeIgniter\CodeIgniter->runController(Object(App\controllers\usercontroller))
#3 C:\xampp\htdocs\app_caffe_dewi\system\CodeIgniter.php(320): CodeIgniter\CodeIgniter->handleRequest(NULL, Object(Config\Cache), false)
#4 C:\xampp\htdocs\app_caffe_dewi\public\index.php(37): CodeIgniter\CodeIgniter->run()
#5 C:\xampp\htdocs\app_caffe_dewi\system\Commands\Server\rewrite.php(43): require_once('C:\\xampp\\htdocs...')
#6 {main}
CRITICAL - 2022-02-17 22:19:31 --> Undefined variable $duser
#0 C:\xampp\htdocs\app_caffe_dewi\app\Views\userlist.php(29): CodeIgniter\Debug\Exceptions->errorHandler(2, 'Undefined varia...', 'C:\\xampp\\htdocs...', 29)
#1 C:\xampp\htdocs\app_caffe_dewi\system\View\View.php(210): include('C:\\xampp\\htdocs...')
#2 C:\xampp\htdocs\app_caffe_dewi\system\View\View.php(213): CodeIgniter\View\View->CodeIgniter\View\{closure}()
#3 C:\xampp\htdocs\app_caffe_dewi\system\Common.php(1089): CodeIgniter\View\View->render('userlist', Array, true)
#4 C:\xampp\htdocs\app_caffe_dewi\app\Controllers\usercontroller.php(28): view('userlist', Array)
#5 C:\xampp\htdocs\app_caffe_dewi\system\CodeIgniter.php(825): App\controllers\usercontroller->tampil()
#6 C:\xampp\htdocs\app_caffe_dewi\system\CodeIgniter.php(412): CodeIgniter\CodeIgniter->runController(Object(App\controllers\usercontroller))
#7 C:\xampp\htdocs\app_caffe_dewi\system\CodeIgniter.php(320): CodeIgniter\CodeIgniter->handleRequest(NULL, Object(Config\Cache), false)
#8 C:\xampp\htdocs\app_caffe_dewi\public\index.php(37): CodeIgniter\CodeIgniter->run()
#9 C:\xampp\htdocs\app_caffe_dewi\system\Commands\Server\rewrite.php(43): require_once('C:\\xampp\\htdocs...')
#10 {main}
ERROR - 2022-02-17 22:25:40 --> Column 'username' cannot be null
CRITICAL - 2022-02-17 22:25:40 --> Column 'username' cannot be null
#0 C:\xampp\htdocs\app_caffe_dewi\system\Database\MySQLi\Connection.php(292): mysqli->query('INSERT INTO `tb...', 0)
#1 C:\xampp\htdocs\app_caffe_dewi\system\Database\BaseConnection.php(670): CodeIgniter\Database\MySQLi\Connection->execute('INSERT INTO `tb...')
#2 C:\xampp\htdocs\app_caffe_dewi\system\Database\BaseConnection.php(598): CodeIgniter\Database\BaseConnection->simpleQuery('INSERT INTO `tb...')
#3 C:\xampp\htdocs\app_caffe_dewi\system\Database\BaseBuilder.php(1771): CodeIgniter\Database\BaseConnection->query('INSERT INTO `tb...', Array, false)
#4 C:\xampp\htdocs\app_caffe_dewi\system\Model.php(239): CodeIgniter\Database\BaseBuilder->insert()
#5 C:\xampp\htdocs\app_caffe_dewi\system\BaseModel.php(738): CodeIgniter\Model->doInsert(Array)
#6 C:\xampp\htdocs\app_caffe_dewi\system\Model.php(625): CodeIgniter\BaseModel->insert(Array, true)
#7 C:\xampp\htdocs\app_caffe_dewi\app\Controllers\usercontroller.php(40): CodeIgniter\Model->insert(Array)
#8 C:\xampp\htdocs\app_caffe_dewi\system\CodeIgniter.php(825): App\controllers\usercontroller->simpan()
#9 C:\xampp\htdocs\app_caffe_dewi\system\CodeIgniter.php(412): CodeIgniter\CodeIgniter->runController(Object(App\controllers\usercontroller))
#10 C:\xampp\htdocs\app_caffe_dewi\system\CodeIgniter.php(320): CodeIgniter\CodeIgniter->handleRequest(NULL, Object(Config\Cache), false)
#11 C:\xampp\htdocs\app_caffe_dewi\public\index.php(37): CodeIgniter\CodeIgniter->run()
#12 C:\xampp\htdocs\app_caffe_dewi\system\Commands\Server\rewrite.php(43): require_once('C:\\xampp\\htdocs...')
#13 {main}
ERROR - 2022-02-17 22:26:36 --> Column 'username' cannot be null
CRITICAL - 2022-02-17 22:26:36 --> Column 'username' cannot be null
#0 C:\xampp\htdocs\app_caffe_dewi\system\Database\MySQLi\Connection.php(292): mysqli->query('INSERT INTO `tb...', 0)
#1 C:\xampp\htdocs\app_caffe_dewi\system\Database\BaseConnection.php(670): CodeIgniter\Database\MySQLi\Connection->execute('INSERT INTO `tb...')
#2 C:\xampp\htdocs\app_caffe_dewi\system\Database\BaseConnection.php(598): CodeIgniter\Database\BaseConnection->simpleQuery('INSERT INTO `tb...')
#3 C:\xampp\htdocs\app_caffe_dewi\system\Database\BaseBuilder.php(1771): CodeIgniter\Database\BaseConnection->query('INSERT INTO `tb...', Array, false)
#4 C:\xampp\htdocs\app_caffe_dewi\system\Model.php(239): CodeIgniter\Database\BaseBuilder->insert()
#5 C:\xampp\htdocs\app_caffe_dewi\system\BaseModel.php(738): CodeIgniter\Model->doInsert(Array)
#6 C:\xampp\htdocs\app_caffe_dewi\system\Model.php(625): CodeIgniter\BaseModel->insert(Array, true)
#7 C:\xampp\htdocs\app_caffe_dewi\app\Controllers\usercontroller.php(40): CodeIgniter\Model->insert(Array)
#8 C:\xampp\htdocs\app_caffe_dewi\system\CodeIgniter.php(825): App\controllers\usercontroller->simpan()
#9 C:\xampp\htdocs\app_caffe_dewi\system\CodeIgniter.php(412): CodeIgniter\CodeIgniter->runController(Object(App\controllers\usercontroller))
#10 C:\xampp\htdocs\app_caffe_dewi\system\CodeIgniter.php(320): CodeIgniter\CodeIgniter->handleRequest(NULL, Object(Config\Cache), false)
#11 C:\xampp\htdocs\app_caffe_dewi\public\index.php(37): CodeIgniter\CodeIgniter->run()
#12 C:\xampp\htdocs\app_caffe_dewi\system\Commands\Server\rewrite.php(43): require_once('C:\\xampp\\htdocs...')
#13 {main}
ERROR - 2022-02-17 22:26:47 --> Column 'username' cannot be null
CRITICAL - 2022-02-17 22:26:47 --> Column 'username' cannot be null
#0 C:\xampp\htdocs\app_caffe_dewi\system\Database\MySQLi\Connection.php(292): mysqli->query('INSERT INTO `tb...', 0)
#1 C:\xampp\htdocs\app_caffe_dewi\system\Database\BaseConnection.php(670): CodeIgniter\Database\MySQLi\Connection->execute('INSERT INTO `tb...')
#2 C:\xampp\htdocs\app_caffe_dewi\system\Database\BaseConnection.php(598): CodeIgniter\Database\BaseConnection->simpleQuery('INSERT INTO `tb...')
#3 C:\xampp\htdocs\app_caffe_dewi\system\Database\BaseBuilder.php(1771): CodeIgniter\Database\BaseConnection->query('INSERT INTO `tb...', Array, false)
#4 C:\xampp\htdocs\app_caffe_dewi\system\Model.php(239): CodeIgniter\Database\BaseBuilder->insert()
#5 C:\xampp\htdocs\app_caffe_dewi\system\BaseModel.php(738): CodeIgniter\Model->doInsert(Array)
#6 C:\xampp\htdocs\app_caffe_dewi\system\Model.php(625): CodeIgniter\BaseModel->insert(Array, true)
#7 C:\xampp\htdocs\app_caffe_dewi\app\Controllers\usercontroller.php(40): CodeIgniter\Model->insert(Array)
#8 C:\xampp\htdocs\app_caffe_dewi\system\CodeIgniter.php(825): App\controllers\usercontroller->simpan()
#9 C:\xampp\htdocs\app_caffe_dewi\system\CodeIgniter.php(412): CodeIgniter\CodeIgniter->runController(Object(App\controllers\usercontroller))
#10 C:\xampp\htdocs\app_caffe_dewi\system\CodeIgniter.php(320): CodeIgniter\CodeIgniter->handleRequest(NULL, Object(Config\Cache), false)
#11 C:\xampp\htdocs\app_caffe_dewi\public\index.php(37): CodeIgniter\CodeIgniter->run()
#12 C:\xampp\htdocs\app_caffe_dewi\system\Commands\Server\rewrite.php(43): require_once('C:\\xampp\\htdocs...')
#13 {main}
ERROR - 2022-02-17 22:27:34 --> Column 'username' cannot be null
CRITICAL - 2022-02-17 22:27:34 --> Column 'username' cannot be null
#0 C:\xampp\htdocs\app_caffe_dewi\system\Database\MySQLi\Connection.php(292): mysqli->query('INSERT INTO `tb...', 0)
#1 C:\xampp\htdocs\app_caffe_dewi\system\Database\BaseConnection.php(670): CodeIgniter\Database\MySQLi\Connection->execute('INSERT INTO `tb...')
#2 C:\xampp\htdocs\app_caffe_dewi\system\Database\BaseConnection.php(598): CodeIgniter\Database\BaseConnection->simpleQuery('INSERT INTO `tb...')
#3 C:\xampp\htdocs\app_caffe_dewi\system\Database\BaseBuilder.php(1771): CodeIgniter\Database\BaseConnection->query('INSERT INTO `tb...', Array, false)
#4 C:\xampp\htdocs\app_caffe_dewi\system\Model.php(239): CodeIgniter\Database\BaseBuilder->insert()
#5 C:\xampp\htdocs\app_caffe_dewi\system\BaseModel.php(738): CodeIgniter\Model->doInsert(Array)
#6 C:\xampp\htdocs\app_caffe_dewi\system\Model.php(625): CodeIgniter\BaseModel->insert(Array, true)
#7 C:\xampp\htdocs\app_caffe_dewi\app\Controllers\usercontroller.php(40): CodeIgniter\Model->insert(Array)
#8 C:\xampp\htdocs\app_caffe_dewi\system\CodeIgniter.php(825): App\controllers\usercontroller->simpan()
#9 C:\xampp\htdocs\app_caffe_dewi\system\CodeIgniter.php(412): CodeIgniter\CodeIgniter->runController(Object(App\controllers\usercontroller))
#10 C:\xampp\htdocs\app_caffe_dewi\system\CodeIgniter.php(320): CodeIgniter\CodeIgniter->handleRequest(NULL, Object(Config\Cache), false)
#11 C:\xampp\htdocs\app_caffe_dewi\public\index.php(37): CodeIgniter\CodeIgniter->run()
#12 C:\xampp\htdocs\app_caffe_dewi\system\Commands\Server\rewrite.php(43): require_once('C:\\xampp\\htdocs...')
#13 {main}
CRITICAL - 2022-02-17 22:43:03 --> Undefined variable $data
#0 C:\xampp\htdocs\app_caffe_dewi\app\Controllers\usercontroller.php(54): CodeIgniter\Debug\Exceptions->errorHandler(2, 'Undefined varia...', 'C:\\xampp\\htdocs...', 54)
#1 C:\xampp\htdocs\app_caffe_dewi\system\CodeIgniter.php(825): App\controllers\usercontroller->edit('1')
#2 C:\xampp\htdocs\app_caffe_dewi\system\CodeIgniter.php(412): CodeIgniter\CodeIgniter->runController(Object(App\controllers\usercontroller))
#3 C:\xampp\htdocs\app_caffe_dewi\system\CodeIgniter.php(320): CodeIgniter\CodeIgniter->handleRequest(NULL, Object(Config\Cache), false)
#4 C:\xampp\htdocs\app_caffe_dewi\public\index.php(37): CodeIgniter\CodeIgniter->run()
#5 C:\xampp\htdocs\app_caffe_dewi\system\Commands\Server\rewrite.php(43): require_once('C:\\xampp\\htdocs...')
#6 {main}
CRITICAL - 2022-02-17 22:52:41 --> Allowed fields must be specified for model: App\Models\menumodel
#0 C:\xampp\htdocs\app_caffe_dewi\system\BaseModel.php(1138): CodeIgniter\Database\Exceptions\DataException::forInvalidAllowedFields('App\\Models\\menu...')
#1 C:\xampp\htdocs\app_caffe_dewi\system\BaseModel.php(713): CodeIgniter\BaseModel->doProtectFields(Array)
#2 C:\xampp\htdocs\app_caffe_dewi\system\Model.php(625): CodeIgniter\BaseModel->insert(Array, true)
#3 C:\xampp\htdocs\app_caffe_dewi\app\Controllers\menucontroller.php(33): CodeIgniter\Model->insert(Array)
#4 C:\xampp\htdocs\app_caffe_dewi\system\CodeIgniter.php(825): App\Controllers\menucontroller->simpan()
#5 C:\xampp\htdocs\app_caffe_dewi\system\CodeIgniter.php(412): CodeIgniter\CodeIgniter->runController(Object(App\Controllers\menucontroller))
#6 C:\xampp\htdocs\app_caffe_dewi\system\CodeIgniter.php(320): CodeIgniter\CodeIgniter->handleRequest(NULL, Object(Config\Cache), false)
#7 C:\xampp\htdocs\app_caffe_dewi\public\index.php(37): CodeIgniter\CodeIgniter->run()
#8 C:\xampp\htdocs\app_caffe_dewi\system\Commands\Server\rewrite.php(43): require_once('C:\\xampp\\htdocs...')
#9 {main}
CRITICAL - 2022-02-17 23:08:26 --> Allowed fields must be specified for model: App\Models\menumodel
#0 C:\xampp\htdocs\app_caffe_dewi\system\BaseModel.php(1138): CodeIgniter\Database\Exceptions\DataException::forInvalidAllowedFields('App\\Models\\menu...')
#1 C:\xampp\htdocs\app_caffe_dewi\system\BaseModel.php(713): CodeIgniter\BaseModel->doProtectFields(Array)
#2 C:\xampp\htdocs\app_caffe_dewi\system\Model.php(625): CodeIgniter\BaseModel->insert(Array, true)
#3 C:\xampp\htdocs\app_caffe_dewi\app\Controllers\menucontroller.php(33): CodeIgniter\Model->insert(Array)
#4 C:\xampp\htdocs\app_caffe_dewi\system\CodeIgniter.php(825): App\Controllers\menucontroller->simpan()
#5 C:\xampp\htdocs\app_caffe_dewi\system\CodeIgniter.php(412): CodeIgniter\CodeIgniter->runController(Object(App\Controllers\menucontroller))
#6 C:\xampp\htdocs\app_caffe_dewi\system\CodeIgniter.php(320): CodeIgniter\CodeIgniter->handleRequest(NULL, Object(Config\Cache), false)
#7 C:\xampp\htdocs\app_caffe_dewi\public\index.php(37): CodeIgniter\CodeIgniter->run()
#8 C:\xampp\htdocs\app_caffe_dewi\system\Commands\Server\rewrite.php(43): require_once('C:\\xampp\\htdocs...')
#9 {main}
ERROR - 2022-02-17 23:24:08 --> Unknown column 'tb_menu.id' in 'where clause'
CRITICAL - 2022-02-17 23:24:08 --> Unknown column 'tb_menu.id' in 'where clause'
#0 C:\xampp\htdocs\app_caffe_dewi\system\Database\MySQLi\Connection.php(292): mysqli->query('SELECT *\nFROM `...', 0)
#1 C:\xampp\htdocs\app_caffe_dewi\system\Database\BaseConnection.php(670): CodeIgniter\Database\MySQLi\Connection->execute('SELECT *\nFROM `...')
#2 C:\xampp\htdocs\app_caffe_dewi\system\Database\BaseConnection.php(598): CodeIgniter\Database\BaseConnection->simpleQuery('SELECT *\nFROM `...')
#3 C:\xampp\htdocs\app_caffe_dewi\system\Database\BaseBuilder.php(1455): CodeIgniter\Database\BaseConnection->query('SELECT *\nFROM `...', Array, false)
#4 C:\xampp\htdocs\app_caffe_dewi\system\Model.php(142): CodeIgniter\Database\BaseBuilder->get()
#5 C:\xampp\htdocs\app_caffe_dewi\system\BaseModel.php(523): CodeIgniter\Model->doFind(true, '4')
#6 C:\xampp\htdocs\app_caffe_dewi\app\Controllers\pesanancontroller.php(41): CodeIgniter\BaseModel->find('4')
#7 C:\xampp\htdocs\app_caffe_dewi\system\CodeIgniter.php(825): App\Controllers\pesanancontroller->addCart()
#8 C:\xampp\htdocs\app_caffe_dewi\system\CodeIgniter.php(412): CodeIgniter\CodeIgniter->runController(Object(App\Controllers\pesanancontroller))
#9 C:\xampp\htdocs\app_caffe_dewi\system\CodeIgniter.php(320): CodeIgniter\CodeIgniter->handleRequest(NULL, Object(Config\Cache), false)
#10 C:\xampp\htdocs\app_caffe_dewi\public\index.php(37): CodeIgniter\CodeIgniter->run()
#11 C:\xampp\htdocs\app_caffe_dewi\system\Commands\Server\rewrite.php(43): require_once('C:\\xampp\\htdocs...')
#12 {main}
ERROR - 2022-02-17 23:29:37 --> Unknown column 'tb_menu.id' in 'where clause'
CRITICAL - 2022-02-17 23:29:37 --> Unknown column 'tb_menu.id' in 'where clause'
#0 C:\xampp\htdocs\app_caffe_dewi\system\Database\MySQLi\Connection.php(292): mysqli->query('SELECT *\nFROM `...', 0)
#1 C:\xampp\htdocs\app_caffe_dewi\system\Database\BaseConnection.php(670): CodeIgniter\Database\MySQLi\Connection->execute('SELECT *\nFROM `...')
#2 C:\xampp\htdocs\app_caffe_dewi\system\Database\BaseConnection.php(598): CodeIgniter\Database\BaseConnection->simpleQuery('SELECT *\nFROM `...')
#3 C:\xampp\htdocs\app_caffe_dewi\system\Database\BaseBuilder.php(1455): CodeIgniter\Database\BaseConnection->query('SELECT *\nFROM `...', Array, false)
#4 C:\xampp\htdocs\app_caffe_dewi\system\Model.php(142): CodeIgniter\Database\BaseBuilder->get()
#5 C:\xampp\htdocs\app_caffe_dewi\system\BaseModel.php(523): CodeIgniter\Model->doFind(true, '4')
#6 C:\xampp\htdocs\app_caffe_dewi\app\Controllers\pesanancontroller.php(41): CodeIgniter\BaseModel->find('4')
#7 C:\xampp\htdocs\app_caffe_dewi\system\CodeIgniter.php(825): App\Controllers\pesanancontroller->addCart()
#8 C:\xampp\htdocs\app_caffe_dewi\system\CodeIgniter.php(412): CodeIgniter\CodeIgniter->runController(Object(App\Controllers\pesanancontroller))
#9 C:\xampp\htdocs\app_caffe_dewi\system\CodeIgniter.php(320): CodeIgniter\CodeIgniter->handleRequest(NULL, Object(Config\Cache), false)
#10 C:\xampp\htdocs\app_caffe_dewi\public\index.php(37): CodeIgniter\CodeIgniter->run()
#11 C:\xampp\htdocs\app_caffe_dewi\system\Commands\Server\rewrite.php(43): require_once('C:\\xampp\\htdocs...')
#12 {main}
ERROR - 2022-02-17 23:31:33 --> Unknown column 'tb_menu.id' in 'where clause'
CRITICAL - 2022-02-17 23:31:33 --> Unknown column 'tb_menu.id' in 'where clause'
#0 C:\xampp\htdocs\app_caffe_dewi\system\Database\MySQLi\Connection.php(292): mysqli->query('SELECT *\nFROM `...', 0)
#1 C:\xampp\htdocs\app_caffe_dewi\system\Database\BaseConnection.php(670): CodeIgniter\Database\MySQLi\Connection->execute('SELECT *\nFROM `...')
#2 C:\xampp\htdocs\app_caffe_dewi\system\Database\BaseConnection.php(598): CodeIgniter\Database\BaseConnection->simpleQuery('SELECT *\nFROM `...')
#3 C:\xampp\htdocs\app_caffe_dewi\system\Database\BaseBuilder.php(1455): CodeIgniter\Database\BaseConnection->query('SELECT *\nFROM `...', Array, false)
#4 C:\xampp\htdocs\app_caffe_dewi\system\Model.php(142): CodeIgniter\Database\BaseBuilder->get()
#5 C:\xampp\htdocs\app_caffe_dewi\system\BaseModel.php(523): CodeIgniter\Model->doFind(true, '4')
#6 C:\xampp\htdocs\app_caffe_dewi\app\Controllers\pesanancontroller.php(41): CodeIgniter\BaseModel->find('4')
#7 C:\xampp\htdocs\app_caffe_dewi\system\CodeIgniter.php(825): App\Controllers\pesanancontroller->addCart()
#8 C:\xampp\htdocs\app_caffe_dewi\system\CodeIgniter.php(412): CodeIgniter\CodeIgniter->runController(Object(App\Controllers\pesanancontroller))
#9 C:\xampp\htdocs\app_caffe_dewi\system\CodeIgniter.php(320): CodeIgniter\CodeIgniter->handleRequest(NULL, Object(Config\Cache), false)
#10 C:\xampp\htdocs\app_caffe_dewi\public\index.php(37): CodeIgniter\CodeIgniter->run()
#11 C:\xampp\htdocs\app_caffe_dewi\system\Commands\Server\rewrite.php(43): require_once('C:\\xampp\\htdocs...')
#12 {main}
ERROR - 2022-02-17 23:34:20 --> Unknown column 'tb_menu.id' in 'where clause'
CRITICAL - 2022-02-17 23:34:20 --> Unknown column 'tb_menu.id' in 'where clause'
#0 C:\xampp\htdocs\app_caffe_dewi\system\Database\MySQLi\Connection.php(292): mysqli->query('SELECT *\nFROM `...', 0)
#1 C:\xampp\htdocs\app_caffe_dewi\system\Database\BaseConnection.php(670): CodeIgniter\Database\MySQLi\Connection->execute('SELECT *\nFROM `...')
#2 C:\xampp\htdocs\app_caffe_dewi\system\Database\BaseConnection.php(598): CodeIgniter\Database\BaseConnection->simpleQuery('SELECT *\nFROM `...')
#3 C:\xampp\htdocs\app_caffe_dewi\system\Database\BaseBuilder.php(1455): CodeIgniter\Database\BaseConnection->query('SELECT *\nFROM `...', Array, false)
#4 C:\xampp\htdocs\app_caffe_dewi\system\Model.php(142): CodeIgniter\Database\BaseBuilder->get()
#5 C:\xampp\htdocs\app_caffe_dewi\system\BaseModel.php(523): CodeIgniter\Model->doFind(true, '4')
#6 C:\xampp\htdocs\app_caffe_dewi\app\Controllers\pesanancontroller.php(41): CodeIgniter\BaseModel->find('4')
#7 C:\xampp\htdocs\app_caffe_dewi\system\CodeIgniter.php(825): App\Controllers\pesanancontroller->addCart()
#8 C:\xampp\htdocs\app_caffe_dewi\system\CodeIgniter.php(412): CodeIgniter\CodeIgniter->runController(Object(App\Controllers\pesanancontroller))
#9 C:\xampp\htdocs\app_caffe_dewi\system\CodeIgniter.php(320): CodeIgniter\CodeIgniter->handleRequest(NULL, Object(Config\Cache), false)
#10 C:\xampp\htdocs\app_caffe_dewi\public\index.php(37): CodeIgniter\CodeIgniter->run()
#11 C:\xampp\htdocs\app_caffe_dewi\system\Commands\Server\rewrite.php(43): require_once('C:\\xampp\\htdocs...')
#12 {main}
CRITICAL - 2022-02-17 23:37:29 --> Undefined variable $row
#0 C:\xampp\htdocs\app_caffe_dewi\app\Controllers\pesanancontroller.php(63): CodeIgniter\Debug\Exceptions->errorHandler(2, 'Undefined varia...', 'C:\\xampp\\htdocs...', 63)
#1 C:\xampp\htdocs\app_caffe_dewi\system\CodeIgniter.php(825): App\Controllers\pesanancontroller->addCart()
#2 C:\xampp\htdocs\app_caffe_dewi\system\CodeIgniter.php(412): CodeIgniter\CodeIgniter->runController(Object(App\Controllers\pesanancontroller))
#3 C:\xampp\htdocs\app_caffe_dewi\system\CodeIgniter.php(320): CodeIgniter\CodeIgniter->handleRequest(NULL, Object(Config\Cache), false)
#4 C:\xampp\htdocs\app_caffe_dewi\public\index.php(37): CodeIgniter\CodeIgniter->run()
#5 C:\xampp\htdocs\app_caffe_dewi\system\Commands\Server\rewrite.php(43): require_once('C:\\xampp\\htdocs...')
#6 {main}
ERROR - 2022-02-17 23:38:02 --> Unknown column 'id_menu' in 'field list'
CRITICAL - 2022-02-17 23:38:02 --> Unknown column 'id_menu' in 'field list'
#0 C:\xampp\htdocs\app_caffe_dewi\system\Database\MySQLi\Connection.php(292): mysqli->query('SELECT `id_menu...', 0)
#1 C:\xampp\htdocs\app_caffe_dewi\system\Database\BaseConnection.php(670): CodeIgniter\Database\MySQLi\Connection->execute('SELECT `id_menu...')
#2 C:\xampp\htdocs\app_caffe_dewi\system\Database\BaseConnection.php(598): CodeIgniter\Database\BaseConnection->simpleQuery('SELECT `id_menu...')
#3 C:\xampp\htdocs\app_caffe_dewi\system\Database\BaseBuilder.php(1455): CodeIgniter\Database\BaseConnection->query('SELECT `id_menu...', Array, false)
#4 C:\xampp\htdocs\app_caffe_dewi\system\Model.php(183): CodeIgniter\Database\BaseBuilder->get()
#5 C:\xampp\htdocs\app_caffe_dewi\system\BaseModel.php(584): CodeIgniter\Model->doFindAll(0, 0)
#6 C:\xampp\htdocs\app_caffe_dewi\app\Controllers\pesanancontroller.php(27): CodeIgniter\BaseModel->findAll()
#7 C:\xampp\htdocs\app_caffe_dewi\system\CodeIgniter.php(825): App\Controllers\pesanancontroller->index()
#8 C:\xampp\htdocs\app_caffe_dewi\system\CodeIgniter.php(412): CodeIgniter\CodeIgniter->runController(Object(App\Controllers\pesanancontroller))
#9 C:\xampp\htdocs\app_caffe_dewi\system\CodeIgniter.php(320): CodeIgniter\CodeIgniter->handleRequest(NULL, Object(Config\Cache), false)
#10 C:\xampp\htdocs\app_caffe_dewi\public\index.php(37): CodeIgniter\CodeIgniter->run()
#11 C:\xampp\htdocs\app_caffe_dewi\system\Commands\Server\rewrite.php(43): require_once('C:\\xampp\\htdocs...')
#12 {main}
CRITICAL - 2022-02-17 23:39:05 --> Undefined array key "id_menu"
#0 C:\xampp\htdocs\app_caffe_dewi\app\Views\pesananlist.php(25): CodeIgniter\Debug\Exceptions->errorHandler(2, 'Undefined array...', 'C:\\xampp\\htdocs...', 25)
#1 C:\xampp\htdocs\app_caffe_dewi\system\View\View.php(210): include('C:\\xampp\\htdocs...')
#2 C:\xampp\htdocs\app_caffe_dewi\system\View\View.php(213): CodeIgniter\View\View->CodeIgniter\View\{closure}()
#3 C:\xampp\htdocs\app_caffe_dewi\system\Common.php(1089): CodeIgniter\View\View->render('pesananlist', Array, true)
#4 C:\xampp\htdocs\app_caffe_dewi\app\Controllers\pesanancontroller.php(34): view('pesananlist', Array)
#5 C:\xampp\htdocs\app_caffe_dewi\system\CodeIgniter.php(825): App\Controllers\pesanancontroller->index()
#6 C:\xampp\htdocs\app_caffe_dewi\system\CodeIgniter.php(412): CodeIgniter\CodeIgniter->runController(Object(App\Controllers\pesanancontroller))
#7 C:\xampp\htdocs\app_caffe_dewi\system\CodeIgniter.php(320): CodeIgniter\CodeIgniter->handleRequest(NULL, Object(Config\Cache), false)
#8 C:\xampp\htdocs\app_caffe_dewi\public\index.php(37): CodeIgniter\CodeIgniter->run()
#9 C:\xampp\htdocs\app_caffe_dewi\system\Commands\Server\rewrite.php(43): require_once('C:\\xampp\\htdocs...')
#10 {main}
CRITICAL - 2022-02-17 23:40:03 --> Undefined array key "id_menu"
#0 C:\xampp\htdocs\app_caffe_dewi\app\Views\menulist.php(37): CodeIgniter\Debug\Exceptions->errorHandler(2, 'Undefined array...', 'C:\\xampp\\htdocs...', 37)
#1 C:\xampp\htdocs\app_caffe_dewi\system\View\View.php(210): include('C:\\xampp\\htdocs...')
#2 C:\xampp\htdocs\app_caffe_dewi\system\View\View.php(213): CodeIgniter\View\View->CodeIgniter\View\{closure}()
#3 C:\xampp\htdocs\app_caffe_dewi\system\Common.php(1089): CodeIgniter\View\View->render('menulist', Array, true)
#4 C:\xampp\htdocs\app_caffe_dewi\app\Controllers\menucontroller.php(22): view('menulist', Array)
#5 C:\xampp\htdocs\app_caffe_dewi\system\CodeIgniter.php(825): App\Controllers\menucontroller->tampil()
#6 C:\xampp\htdocs\app_caffe_dewi\system\CodeIgniter.php(412): CodeIgniter\CodeIgniter->runController(Object(App\Controllers\menucontroller))
#7 C:\xampp\htdocs\app_caffe_dewi\system\CodeIgniter.php(320): CodeIgniter\CodeIgniter->handleRequest(NULL, Object(Config\Cache), false)
#8 C:\xampp\htdocs\app_caffe_dewi\public\index.php(37): CodeIgniter\CodeIgniter->run()
#9 C:\xampp\htdocs\app_caffe_dewi\system\Commands\Server\rewrite.php(43): require_once('C:\\xampp\\htdocs...')
#10 {main}
CRITICAL - 2022-02-17 23:48:49 --> Undefined variable $cart
#0 C:\xampp\htdocs\app_caffe_dewi\app\Controllers\pesanancontroller.php(69): CodeIgniter\Debug\Exceptions->errorHandler(2, 'Undefined varia...', 'C:\\xampp\\htdocs...', 69)
#1 C:\xampp\htdocs\app_caffe_dewi\app\Controllers\pesanancontroller.php(79): App\Controllers\pesanancontroller->cek('4')
#2 C:\xampp\htdocs\app_caffe_dewi\system\CodeIgniter.php(825): App\Controllers\pesanancontroller->hapuscart('4')
#3 C:\xampp\htdocs\app_caffe_dewi\system\CodeIgniter.php(412): CodeIgniter\CodeIgniter->runController(Object(App\Controllers\pesanancontroller))
#4 C:\xampp\htdocs\app_caffe_dewi\system\CodeIgniter.php(320): CodeIgniter\CodeIgniter->handleRequest(NULL, Object(Config\Cache), false)
#5 C:\xampp\htdocs\app_caffe_dewi\public\index.php(37): CodeIgniter\CodeIgniter->run()
#6 C:\xampp\htdocs\app_caffe_dewi\system\Commands\Server\rewrite.php(43): require_once('C:\\xampp\\htdocs...')
#7 {main}
CRITICAL - 2022-02-17 23:49:29 -->  route cannot be found while reverse-routing.
#0 C:\xampp\htdocs\app_caffe_dewi\system\HTTP\RedirectResponse.php(56): CodeIgniter\HTTP\Exceptions\HTTPException::forInvalidRedirectRoute('')
#1 C:\xampp\htdocs\app_caffe_dewi\system\Common.php(832): CodeIgniter\HTTP\RedirectResponse->route(false)
#2 C:\xampp\htdocs\app_caffe_dewi\app\Controllers\pesanancontroller.php(83): redirect('transaksi')
#3 C:\xampp\htdocs\app_caffe_dewi\system\CodeIgniter.php(825): App\Controllers\pesanancontroller->hapuscart('4')
#4 C:\xampp\htdocs\app_caffe_dewi\system\CodeIgniter.php(412): CodeIgniter\CodeIgniter->runController(Object(App\Controllers\pesanancontroller))
#5 C:\xampp\htdocs\app_caffe_dewi\system\CodeIgniter.php(320): CodeIgniter\CodeIgniter->handleRequest(NULL, Object(Config\Cache), false)
#6 C:\xampp\htdocs\app_caffe_dewi\public\index.php(37): CodeIgniter\CodeIgniter->run()
#7 C:\xampp\htdocs\app_caffe_dewi\system\Commands\Server\rewrite.php(43): require_once('C:\\xampp\\htdocs...')
#8 {main}
CRITICAL - 2022-02-17 23:49:59 --> Undefined array key 0
#0 C:\xampp\htdocs\app_caffe_dewi\app\Controllers\pesanancontroller.php(57): CodeIgniter\Debug\Exceptions->errorHandler(2, 'Undefined array...', 'C:\\xampp\\htdocs...', 57)
#1 C:\xampp\htdocs\app_caffe_dewi\system\CodeIgniter.php(825): App\Controllers\pesanancontroller->addCart()
#2 C:\xampp\htdocs\app_caffe_dewi\system\CodeIgniter.php(412): CodeIgniter\CodeIgniter->runController(Object(App\Controllers\pesanancontroller))
#3 C:\xampp\htdocs\app_caffe_dewi\system\CodeIgniter.php(320): CodeIgniter\CodeIgniter->handleRequest(NULL, Object(Config\Cache), false)
#4 C:\xampp\htdocs\app_caffe_dewi\public\index.php(37): CodeIgniter\CodeIgniter->run()
#5 C:\xampp\htdocs\app_caffe_dewi\system\Commands\Server\rewrite.php(43): require_once('C:\\xampp\\htdocs...')
#6 {main}
CRITICAL - 2022-02-17 23:50:52 --> Undefined variable $data
#0 C:\xampp\htdocs\app_caffe_dewi\app\Controllers\pesanancontroller.php(93): CodeIgniter\Debug\Exceptions->errorHandler(2, 'Undefined varia...', 'C:\\xampp\\htdocs...', 93)
#1 C:\xampp\htdocs\app_caffe_dewi\system\CodeIgniter.php(825): App\Controllers\pesanancontroller->simpan()
#2 C:\xampp\htdocs\app_caffe_dewi\system\CodeIgniter.php(412): CodeIgniter\CodeIgniter->runController(Object(App\Controllers\pesanancontroller))
#3 C:\xampp\htdocs\app_caffe_dewi\system\CodeIgniter.php(320): CodeIgniter\CodeIgniter->handleRequest(NULL, Object(Config\Cache), false)
#4 C:\xampp\htdocs\app_caffe_dewi\public\index.php(37): CodeIgniter\CodeIgniter->run()
#5 C:\xampp\htdocs\app_caffe_dewi\system\Commands\Server\rewrite.php(43): require_once('C:\\xampp\\htdocs...')
#6 {main}
CRITICAL - 2022-02-17 23:51:42 --> Undefined array key "id_menu"
#0 C:\xampp\htdocs\app_caffe_dewi\app\Controllers\pesanancontroller.php(98): CodeIgniter\Debug\Exceptions->errorHandler(2, 'Undefined array...', 'C:\\xampp\\htdocs...', 98)
#1 C:\xampp\htdocs\app_caffe_dewi\system\CodeIgniter.php(825): App\Controllers\pesanancontroller->simpan()
#2 C:\xampp\htdocs\app_caffe_dewi\system\CodeIgniter.php(412): CodeIgniter\CodeIgniter->runController(Object(App\Controllers\pesanancontroller))
#3 C:\xampp\htdocs\app_caffe_dewi\system\CodeIgniter.php(320): CodeIgniter\CodeIgniter->handleRequest(NULL, Object(Config\Cache), false)
#4 C:\xampp\htdocs\app_caffe_dewi\public\index.php(37): CodeIgniter\CodeIgniter->run()
#5 C:\xampp\htdocs\app_caffe_dewi\system\Commands\Server\rewrite.php(43): require_once('C:\\xampp\\htdocs...')
#6 {main}
CRITICAL - 2022-02-17 23:52:16 --> Undefined array key "menu-id"
#0 C:\xampp\htdocs\app_caffe_dewi\app\Controllers\pesanancontroller.php(98): CodeIgniter\Debug\Exceptions->errorHandler(2, 'Undefined array...', 'C:\\xampp\\htdocs...', 98)
#1 C:\xampp\htdocs\app_caffe_dewi\system\CodeIgniter.php(825): App\Controllers\pesanancontroller->simpan()
#2 C:\xampp\htdocs\app_caffe_dewi\system\CodeIgniter.php(412): CodeIgniter\CodeIgniter->runController(Object(App\Controllers\pesanancontroller))
#3 C:\xampp\htdocs\app_caffe_dewi\system\CodeIgniter.php(320): CodeIgniter\CodeIgniter->handleRequest(NULL, Object(Config\Cache), false)
#4 C:\xampp\htdocs\app_caffe_dewi\public\index.php(37): CodeIgniter\CodeIgniter->run()
#5 C:\xampp\htdocs\app_caffe_dewi\system\Commands\Server\rewrite.php(43): require_once('C:\\xampp\\htdocs...')
#6 {main}
CRITICAL - 2022-02-17 23:52:34 --> Undefined property: App\Controllers\pesanancontroller::$detail
#0 C:\xampp\htdocs\app_caffe_dewi\app\Controllers\pesanancontroller.php(101): CodeIgniter\Debug\Exceptions->errorHandler(2, 'Undefined prope...', 'C:\\xampp\\htdocs...', 101)
#1 C:\xampp\htdocs\app_caffe_dewi\system\CodeIgniter.php(825): App\Controllers\pesanancontroller->simpan()
#2 C:\xampp\htdocs\app_caffe_dewi\system\CodeIgniter.php(412): CodeIgniter\CodeIgniter->runController(Object(App\Controllers\pesanancontroller))
#3 C:\xampp\htdocs\app_caffe_dewi\system\CodeIgniter.php(320): CodeIgniter\CodeIgniter->handleRequest(NULL, Object(Config\Cache), false)
#4 C:\xampp\htdocs\app_caffe_dewi\public\index.php(37): CodeIgniter\CodeIgniter->run()
#5 C:\xampp\htdocs\app_caffe_dewi\system\Commands\Server\rewrite.php(43): require_once('C:\\xampp\\htdocs...')
#6 {main}
