CRITICAL - 2022-03-04 02:39:11 --> The framework needs the following extension(s) installed and loaded: intl.
#0 D:\Xammpp\htdocs\app_caffe_dewi\system\CodeIgniter.php(219): CodeIgniter\Exceptions\FrameworkException::forMissingExtension('intl')
#1 D:\Xammpp\htdocs\app_caffe_dewi\system\CodeIgniter.php(177): CodeIgniter\CodeIgniter->resolvePlatformExtensions()
#2 D:\Xammpp\htdocs\app_caffe_dewi\system\bootstrap.php(146): CodeIgniter\CodeIgniter->initialize()
#3 D:\Xammpp\htdocs\app_caffe_dewi\spark(45): require('D:\\Xammpp\\htdoc...')
#4 {main}
CRITICAL - 2022-03-04 18:19:35 --> Deletes are not allowed unless they contain a "where" or "like" clause.
#0 C:\xampp\htdocs\app_caffe_dewi\system\Model.php(359): CodeIgniter\Database\BaseBuilder->delete()
#1 C:\xampp\htdocs\app_caffe_dewi\system\BaseModel.php(963): CodeIgniter\Model->doDelete('0', false)
#2 C:\xampp\htdocs\app_caffe_dewi\app\Controllers\usercontroller.php(100): CodeIgniter\BaseModel->delete('0')
#3 C:\xampp\htdocs\app_caffe_dewi\system\CodeIgniter.php(825): App\controllers\usercontroller->delete('0')
#4 C:\xampp\htdocs\app_caffe_dewi\system\CodeIgniter.php(412): CodeIgniter\CodeIgniter->runController(Object(App\controllers\usercontroller))
#5 C:\xampp\htdocs\app_caffe_dewi\system\CodeIgniter.php(320): CodeIgniter\CodeIgniter->handleRequest(NULL, Object(Config\Cache), false)
#6 C:\xampp\htdocs\app_caffe_dewi\public\index.php(37): CodeIgniter\CodeIgniter->run()
#7 C:\xampp\htdocs\app_caffe_dewi\system\Commands\Server\rewrite.php(43): require_once('C:\\xampp\\htdocs...')
#8 {main}
CRITICAL - 2022-03-04 19:56:24 --> Deletes are not allowed unless they contain a "where" or "like" clause.
#0 C:\xampp\htdocs\app_caffe_dewi\system\Model.php(359): CodeIgniter\Database\BaseBuilder->delete()
#1 C:\xampp\htdocs\app_caffe_dewi\system\BaseModel.php(963): CodeIgniter\Model->doDelete('0', false)
#2 C:\xampp\htdocs\app_caffe_dewi\app\Controllers\usercontroller.php(100): CodeIgniter\BaseModel->delete('0')
#3 C:\xampp\htdocs\app_caffe_dewi\system\CodeIgniter.php(825): App\controllers\usercontroller->delete('0')
#4 C:\xampp\htdocs\app_caffe_dewi\system\CodeIgniter.php(412): CodeIgniter\CodeIgniter->runController(Object(App\controllers\usercontroller))
#5 C:\xampp\htdocs\app_caffe_dewi\system\CodeIgniter.php(320): CodeIgniter\CodeIgniter->handleRequest(NULL, Object(Config\Cache), false)
#6 C:\xampp\htdocs\app_caffe_dewi\public\index.php(37): CodeIgniter\CodeIgniter->run()
#7 C:\xampp\htdocs\app_caffe_dewi\system\Commands\Server\rewrite.php(43): require_once('C:\\xampp\\htdocs...')
#8 {main}
ERROR - 2022-03-04 21:32:33 --> Unknown column 'nama_pemesan' in 'field list'
CRITICAL - 2022-03-04 21:32:33 --> Unknown column 'nama_pemesan' in 'field list'
#0 C:\xampp\htdocs\app_caffe_dewi\system\Database\MySQLi\Connection.php(292): mysqli->query('INSERT INTO `id...', 0)
#1 C:\xampp\htdocs\app_caffe_dewi\system\Database\BaseConnection.php(670): CodeIgniter\Database\MySQLi\Connection->execute('INSERT INTO `id...')
#2 C:\xampp\htdocs\app_caffe_dewi\system\Database\BaseConnection.php(598): CodeIgniter\Database\BaseConnection->simpleQuery('INSERT INTO `id...')
#3 C:\xampp\htdocs\app_caffe_dewi\system\Database\BaseBuilder.php(1771): CodeIgniter\Database\BaseConnection->query('INSERT INTO `id...', Array, false)
#4 C:\xampp\htdocs\app_caffe_dewi\system\Model.php(239): CodeIgniter\Database\BaseBuilder->insert()
#5 C:\xampp\htdocs\app_caffe_dewi\system\BaseModel.php(738): CodeIgniter\Model->doInsert(Array)
#6 C:\xampp\htdocs\app_caffe_dewi\system\Model.php(625): CodeIgniter\BaseModel->insert(Array, true)
#7 C:\xampp\htdocs\app_caffe_dewi\app\Controllers\pesanancontroller.php(96): CodeIgniter\Model->insert(Array)
#8 C:\xampp\htdocs\app_caffe_dewi\system\CodeIgniter.php(825): App\Controllers\pesanancontroller->simpan()
#9 C:\xampp\htdocs\app_caffe_dewi\system\CodeIgniter.php(412): CodeIgniter\CodeIgniter->runController(Object(App\Controllers\pesanancontroller))
#10 C:\xampp\htdocs\app_caffe_dewi\system\CodeIgniter.php(320): CodeIgniter\CodeIgniter->handleRequest(NULL, Object(Config\Cache), false)
#11 C:\xampp\htdocs\app_caffe_dewi\public\index.php(37): CodeIgniter\CodeIgniter->run()
#12 C:\xampp\htdocs\app_caffe_dewi\system\Commands\Server\rewrite.php(43): require_once('C:\\xampp\\htdocs...')
#13 {main}
ERROR - 2022-03-04 21:42:50 --> Unknown column 'nama_pemesan' in 'field list'
CRITICAL - 2022-03-04 21:42:50 --> Unknown column 'nama_pemesan' in 'field list'
#0 C:\xampp\htdocs\app_caffe_dewi\system\Database\MySQLi\Connection.php(292): mysqli->query('INSERT INTO `id...', 0)
#1 C:\xampp\htdocs\app_caffe_dewi\system\Database\BaseConnection.php(670): CodeIgniter\Database\MySQLi\Connection->execute('INSERT INTO `id...')
#2 C:\xampp\htdocs\app_caffe_dewi\system\Database\BaseConnection.php(598): CodeIgniter\Database\BaseConnection->simpleQuery('INSERT INTO `id...')
#3 C:\xampp\htdocs\app_caffe_dewi\system\Database\BaseBuilder.php(1771): CodeIgniter\Database\BaseConnection->query('INSERT INTO `id...', Array, false)
#4 C:\xampp\htdocs\app_caffe_dewi\system\Model.php(239): CodeIgniter\Database\BaseBuilder->insert()
#5 C:\xampp\htdocs\app_caffe_dewi\system\BaseModel.php(738): CodeIgniter\Model->doInsert(Array)
#6 C:\xampp\htdocs\app_caffe_dewi\system\Model.php(625): CodeIgniter\BaseModel->insert(Array, true)
#7 C:\xampp\htdocs\app_caffe_dewi\app\Controllers\pesanancontroller.php(96): CodeIgniter\Model->insert(Array)
#8 C:\xampp\htdocs\app_caffe_dewi\system\CodeIgniter.php(825): App\Controllers\pesanancontroller->simpan()
#9 C:\xampp\htdocs\app_caffe_dewi\system\CodeIgniter.php(412): CodeIgniter\CodeIgniter->runController(Object(App\Controllers\pesanancontroller))
#10 C:\xampp\htdocs\app_caffe_dewi\system\CodeIgniter.php(320): CodeIgniter\CodeIgniter->handleRequest(NULL, Object(Config\Cache), false)
#11 C:\xampp\htdocs\app_caffe_dewi\public\index.php(37): CodeIgniter\CodeIgniter->run()
#12 C:\xampp\htdocs\app_caffe_dewi\system\Commands\Server\rewrite.php(43): require_once('C:\\xampp\\htdocs...')
#13 {main}
